[2021-11-09 19:22:33] production.ERROR: ErrorException: Invalid characters passed for attempted conversion, these have been ignored in /home/hoffmeister/Genesis/legis-backend/vendor/nikic/php-parser/lib/PhpParser/Node/Scalar/String_.php:103
Stack trace:
#0 [internal function]: Illuminate\Foundation\Bootstrap\HandleExceptions->handleError()
#1 /home/hoffmeister/Genesis/legis-backend/vendor/nikic/php-parser/lib/PhpParser/Node/Scalar/String_.php(103): hexdec()
#2 [internal function]: PhpParser\Node\Scalar\String_::PhpParser\Node\Scalar\{closure}()
#3 /home/hoffmeister/Genesis/legis-backend/vendor/nikic/php-parser/lib/PhpParser/Node/Scalar/String_.php(96): preg_replace_callback()
#4 /home/hoffmeister/Genesis/legis-backend/vendor/nikic/php-parser/lib/PhpParser/Parser/Php7.php(2444): PhpParser\Node\Scalar\String_::parseEscapeSequences()
#5 /home/hoffmeister/Genesis/legis-backend/vendor/nikic/php-parser/lib/PhpParser/ParserAbstract.php(247): PhpParser\Parser\Php7->reduceRule410()
#6 /home/hoffmeister/Genesis/legis-backend/vendor/nikic/php-parser/lib/PhpParser/Parser/Multiple.php(58): PhpParser\ParserAbstract->parse()
#7 /home/hoffmeister/Genesis/legis-backend/vendor/nikic/php-parser/lib/PhpParser/Parser/Multiple.php(29): PhpParser\Parser\Multiple->tryParse()
#8 /home/hoffmeister/Genesis/legis-backend/vendor/classpreloader/classpreloader/src/ClassPreloader.php(127): PhpParser\Parser\Multiple->parse()
#9 /home/hoffmeister/Genesis/legis-backend/vendor/laravel/framework/src/Illuminate/Foundation/Console/OptimizeCommand.php(91): ClassPreloader\ClassPreloader->getCode()
#10 /home/hoffmeister/Genesis/legis-backend/vendor/laravel/framework/src/Illuminate/Foundation/Console/OptimizeCommand.php(72): Illuminate\Foundation\Console\OptimizeCommand->compileClasses()
#11 [internal function]: Illuminate\Foundation\Console\OptimizeCommand->fire()
#12 /home/hoffmeister/Genesis/legis-backend/vendor/laravel/framework/src/Illuminate/Container/Container.php(507): call_user_func_array()
#13 /home/hoffmeister/Genesis/legis-backend/vendor/laravel/framework/src/Illuminate/Console/Command.php(150): Illuminate\Container\Container->call()
#14 /home/hoffmeister/Genesis/legis-backend/vendor/symfony/console/Command/Command.php(238): Illuminate\Console\Command->execute()
#15 /home/hoffmeister/Genesis/legis-backend/vendor/laravel/framework/src/Illuminate/Console/Command.php(136): Symfony\Component\Console\Command\Command->run()
#16 /home/hoffmeister/Genesis/legis-backend/vendor/symfony/console/Application.php(840): Illuminate\Console\Command->run()
#17 /home/hoffmeister/Genesis/legis-backend/vendor/symfony/console/Application.php(190): Symfony\Component\Console\Application->doRunCommand()
#18 /home/hoffmeister/Genesis/legis-backend/vendor/symfony/console/Application.php(114): Symfony\Component\Console\Application->doRun()
#19 /home/hoffmeister/Genesis/legis-backend/vendor/laravel/framework/src/Illuminate/Foundation/Console/Kernel.php(107): Symfony\Component\Console\Application->run()
#20 /home/hoffmeister/Genesis/legis-backend/artisan(35): Illuminate\Foundation\Console\Kernel->handle()
#21 {main}  
